zBarScannerActivity/build/intermediates/manifest_merge_blame_file/release/manifest-merger-blame-release-report.txt
1<?xml version="1.0" encoding="utf-8"?>
2<manifest xmlns:android="http://schemas.android.com/apk/res/android"
3    package="com.dm.zbar.android.scanner"
4    android:versionCode="1"
5    android:versionName="1.0" >
6
7    <uses-sdk
8        android:minSdkVersion="8"
8-->src\main\AndroidManifest.xml
9        android:targetSdkVersion="29" />
9-->src\main\AndroidManifest.xml
10
11    <uses-permission android:name="android.permission.CAMERA" />
11-->src\main\AndroidManifest.xml:7:5-64
11-->src\main\AndroidManifest.xml:7:22-62
12
13    <uses-feature android:name="android.hardware.camera" />
13-->src\main\AndroidManifest.xml:8:5-60
13-->src\main\AndroidManifest.xml:8:19-57
14
15    <application
15-->src\main\AndroidManifest.xml:10:5-14:19
16        android:icon="@drawable/ic_launcher"
16-->src\main\AndroidManifest.xml:10:51-87
17        android:label="@string/app_name" >
17-->src\main\AndroidManifest.xml:10:18-50
18        <activity
18-->src\main\AndroidManifest.xml:11:9-13:54
19            android:name="com.dm.zbar.android.scanner.ZBarScannerActivity"
19-->src\main\AndroidManifest.xml:11:19-53
20            android:label="@string/app_name"
20-->src\main\AndroidManifest.xml:13:19-51
21            android:screenOrientation="landscape" />
21-->src\main\AndroidManifest.xml:12:19-56
22    </application>
23
24</manifest>